<?xml version="1.0" encoding="UTF-8"?>
<!-- Generated by org.testng.reporters.JUnitXMLReporter -->
<testsuite ignored="0" hostname="DESKTOP-P2R4BJQ" failures="1" tests="2" name="Test" time="11.864" errors="0" timestamp="2023-08-30T14:51:54 IST">
  <testcase classname="testCases.TC_001_AccountRegistrationTest" name="test_Account_Registration" time="2.098"/>
  <testcase classname="testCases.TC_002_LoginTest" name="test_Login" time="0.686">
    <failure type="java.lang.AssertionError" message="null">
      <![CDATA[java.lang.AssertionError: null
at testCases.TC_002_LoginTest.test_Login(TC_002_LoginTest.java:43)
at java.base/java.util.ArrayList.forEach(ArrayList.java:1511)
... Removed 29 stack frames]]>
    </failure>
  </testcase> <!-- test_Login -->
</testsuite> <!-- Test -->
