<?xml version="1.0" encoding="UTF-8"?>
<testng-results ignored="0" total="2" passed="2" failed="0" skipped="0">
  <reporter-output>
  </reporter-output>
  <suite started-at="2023-08-30T15:15:56 IST" name="Suite" finished-at="2023-08-30T15:16:07 IST" duration-ms="11733">
    <groups>
      <group name="Master">
        <method signature="TC_001_AccountRegistrationTest.test_Account_Registration()[pri:0, instance:testCases.TC_001_AccountRegistrationTest@1fa268de]" name="test_Account_Registration" class="testCases.TC_001_AccountRegistrationTest"/>
        <method signature="TC_002_LoginTest.test_Login()[pri:0, instance:testCases.TC_002_LoginTest@7b9a4292]" name="test_Login" class="testCases.TC_002_LoginTest"/>
      </group> <!-- Master -->
      <group name="Sanity">
        <method signature="TC_002_LoginTest.test_Login()[pri:0, instance:testCases.TC_002_LoginTest@7b9a4292]" name="test_Login" class="testCases.TC_002_LoginTest"/>
      </group> <!-- Sanity -->
      <group name="Regression">
        <method signature="TC_001_AccountRegistrationTest.test_Account_Registration()[pri:0, instance:testCases.TC_001_AccountRegistrationTest@1fa268de]" name="test_Account_Registration" class="testCases.TC_001_AccountRegistrationTest"/>
      </group> <!-- Regression -->
    </groups>
    <test started-at="2023-08-30T15:15:56 IST" name="Test" finished-at="2023-08-30T15:16:07 IST" duration-ms="11733">
      <class name="testCases.TC_001_AccountRegistrationTest">
        <test-method is-config="true" signature="setUp(java.lang.String)[pri:0, instance:testCases.TC_001_AccountRegistrationTest@1fa268de]" started-at="2023-08-30T15:15:56 IST" name="setUp" finished-at="2023-08-30T15:16:01 IST" duration-ms="4764" status="PASS">
          <params>
            <param index="0">
              <value>
                <![CDATA[chrome]]>
              </value>
            </param>
          </params>
          <reporter-output>
          </reporter-output>
        </test-method> <!-- setUp -->
        <test-method signature="test_Account_Registration()[pri:0, instance:testCases.TC_001_AccountRegistrationTest@1fa268de]" started-at="2023-08-30T15:16:01 IST" name="test_Account_Registration" finished-at="2023-08-30T15:16:03 IST" duration-ms="1952" status="PASS">
          <reporter-output>
          </reporter-output>
        </test-method> <!-- test_Account_Registration -->
        <test-method is-config="true" signature="tearDown()[pri:0, instance:testCases.TC_001_AccountRegistrationTest@1fa268de]" started-at="2023-08-30T15:16:03 IST" name="tearDown" finished-at="2023-08-30T15:16:03 IST" duration-ms="242" status="PASS">
          <reporter-output>
          </reporter-output>
        </test-method> <!-- tearDown -->
      </class> <!-- testCases.TC_001_AccountRegistrationTest -->
      <class name="testCases.TC_002_LoginTest">
        <test-method is-config="true" signature="setUp(java.lang.String)[pri:0, instance:testCases.TC_002_LoginTest@7b9a4292]" started-at="2023-08-30T15:16:03 IST" name="setUp" finished-at="2023-08-30T15:16:06 IST" duration-ms="2659" status="PASS">
          <params>
            <param index="0">
              <value>
                <![CDATA[chrome]]>
              </value>
            </param>
          </params>
          <reporter-output>
          </reporter-output>
        </test-method> <!-- setUp -->
        <test-method signature="test_Login()[pri:0, instance:testCases.TC_002_LoginTest@7b9a4292]" started-at="2023-08-30T15:16:06 IST" name="test_Login" finished-at="2023-08-30T15:16:07 IST" duration-ms="1449" status="PASS">
          <reporter-output>
          </reporter-output>
        </test-method> <!-- test_Login -->
        <test-method is-config="true" signature="tearDown()[pri:0, instance:testCases.TC_002_LoginTest@7b9a4292]" started-at="2023-08-30T15:16:07 IST" name="tearDown" finished-at="2023-08-30T15:16:07 IST" duration-ms="249" status="PASS">
          <reporter-output>
          </reporter-output>
        </test-method> <!-- tearDown -->
      </class> <!-- testCases.TC_002_LoginTest -->
    </test> <!-- Test -->
  </suite> <!-- Suite -->
</testng-results>
