<?xml version="1.0" encoding="UTF-8"?>
<testng-results ignored="0" total="1" passed="1" failed="0" skipped="0">
  <reporter-output>
  </reporter-output>
  <suite started-at="2023-09-15T07:16:16 IST" name="Default suite" finished-at="2023-09-15T07:16:40 IST" duration-ms="23960">
    <groups>
    </groups>
    <test started-at="2023-09-15T07:16:16 IST" name="Default test" finished-at="2023-09-15T07:16:40 IST" duration-ms="23960">
      <class name="testCases.LogIn">
        <test-method is-config="true" signature="setup()[pri:0, instance:testCases.LogIn@22555ebf]" started-at="2023-09-15T07:16:16 IST" name="setup" finished-at="2023-09-15T07:16:27 IST" duration-ms="10596" status="PASS">
          <reporter-output>
          </reporter-output>
        </test-method> <!-- setup -->
        <test-method signature="test_login()[pri:0, instance:testCases.LogIn@22555ebf]" started-at="2023-09-15T07:16:27 IST" name="test_login" finished-at="2023-09-15T07:16:40 IST" duration-ms="13176" status="PASS">
          <reporter-output>
          </reporter-output>
        </test-method> <!-- test_login -->
      </class> <!-- testCases.LogIn -->
    </test> <!-- Default test -->
  </suite> <!-- Default suite -->
</testng-results>
